PS C:\Users\lr201\code\bioinfo-course\experiment_2> & "C:/Program Files/WindowsApps/PythonSoftwareFoundation.Python.3.8_3.8.1520.0_x64__qbz5n2kfra8p0/python3.8.exe" c:/Users/lr201/code/bioinfo-course/experiment_2/solve.py
>NC_000000.01 only for test
A : 23  content : 0.25
T : 23  content : 0.25
G : 23  content : 0.25
C : 23  content : 0.25
>NC_000000.02 only for test
A : 0   content : 0.0
T : 68  content : 0.5
G : 68  content : 0.5
C : 0   content : 0.0

>NC_000000.01 only for test
approx: 28870.399999999998
accurate: 28019.399999999998
>NC_000000.02 only for test
approx: 40430.2
accurate: 41382.2

reverse: NC_000000.01 only for test
CCCCCCCCCCCCCCCCCCCCCCC
GGGGGGGGGGGGGGGGGGGGGGG
TTTTTTTTTTTTTTTTTTTTTTT
AAAAAAAAAAAAAAAAAAAAAAA

reverse: NC_000000.02 only for test
TTTTTTTTTTTTTTTTTTTTTTTTTTTTTTTTTT
TTTTTTTTTTTTTTTTTTTTTTTTTTTTTTTTTT
GGGGGGGGGGGGGGGGGGGGGGGGGGGGGGGGGG
GGGGGGGGGGGGGGGGGGGGGGGGGGGGGGGGGG

complementary: NC_000000.01 only for test
TTTTTTTTTTTTTTTTTTTTTTT
AAAAAAAAAAAAAAAAAAAAAAA
CCCCCCCCCCCCCCCCCCCCCCC
GGGGGGGGGGGGGGGGGGGGGGG

complementary: NC_000000.02 only for test
CCCCCCCCCCCCCCCCCCCCCCCCCCCCCCCCCC
CCCCCCCCCCCCCCCCCCCCCCCCCCCCCCCCCC
AAAAAAAAAAAAAAAAAAAAAAAAAAAAAAAAAA
AAAAAAAAAAAAAAAAAAAAAAAAAAAAAAAAAA

reverse and complement: NC_000000.01 only for test
GGGGGGGGGGGGGGGGGGGGGGG
CCCCCCCCCCCCCCCCCCCCCCC
AAAAAAAAAAAAAAAAAAAAAAA
TTTTTTTTTTTTTTTTTTTTTTT

reverse and complement: NC_000000.02 only for test
AAAAAAAAAAAAAAAAAAAAAAAAAAAAAAAAAA
AAAAAAAAAAAAAAAAAAAAAAAAAAAAAAAAAA
CCCCCCCCCCCCCCCCCCCCCCCCCCCCCCCCCC
CCCCCCCCCCCCCCCCCCCCCCCCCCCCCCCCCC

RNA: NC_000000.01 only for test
AAAAAAAAAAAAAAAAAAAAAAA
UUUUUUUUUUUUUUUUUUUUUUU
GGGGGGGGGGGGGGGGGGGGGGG
CCCCCCCCCCCCCCCCCCCCCCC

RNA: NC_000000.02 only for test
GGGGGGGGGGGGGGGGGGGGGGGGGGGGGGGGGG
GGGGGGGGGGGGGGGGGGGGGGGGGGGGGGGGGG
UUUUUUUUUUUUUUUUUUUUUUUUUUUUUUUUUU
UUUUUUUUUUUUUUUUUUUUUUUUUUUUUUUUUU

Double Strand DNA: NC_000000.01 only for test
AAAAAAAAAAAAAAAAAAAAAAA
|||||||||||||||||||||||
TTTTTTTTTTTTTTTTTTTTTTT

TTTTTTTTTTTTTTTTTTTTTTT
|||||||||||||||||||||||
AAAAAAAAAAAAAAAAAAAAAAA

GGGGGGGGGGGGGGGGGGGGGGG
|||||||||||||||||||||||
CCCCCCCCCCCCCCCCCCCCCCC

CCCCCCCCCCCCCCCCCCCCCCC
|||||||||||||||||||||||
GGGGGGGGGGGGGGGGGGGGGGG






Double Strand DNA: NC_000000.02 only for test
GGGGGGGGGGGGGGGGGGGGGGGGGGGGGGGGGG
||||||||||||||||||||||||||||||||||
CCCCCCCCCCCCCCCCCCCCCCCCCCCCCCCCCC

GGGGGGGGGGGGGGGGGGGGGGGGGGGGGGGGGG
||||||||||||||||||||||||||||||||||
CCCCCCCCCCCCCCCCCCCCCCCCCCCCCCCCCC

TTTTTTTTTTTTTTTTTTTTTTTTTTTTTTTTTT
||||||||||||||||||||||||||||||||||
AAAAAAAAAAAAAAAAAAAAAAAAAAAAAAAAAA

TTTTTTTTTTTTTTTTTTTTTTTTTTTTTTTTTT
||||||||||||||||||||||||||||||||||
AAAAAAAAAAAAAAAAAAAAAAAAAAAAAAAAAA





